[26-Mar-2025 13:31:35 Europe/Belgrade] Slim Application Error
Type: Error
Code: 0
Message: Class "App\Controllers\Stanje" not found
File: D:\xampp\htdocs\magacin\app\Controllers\OtpremnicaController.php
Line: 205
Trace: #0 [internal function]: App\Controllers\OtpremnicaController->getOtpremnicaPregled(Object(Slim\Psr7\Request), Object(Slim\Psr7\Response))
#1 D:\xampp\htdocs\magacin\vendor\php-di\invoker\src\Invoker.php(74): call_user_func_array(Array, Array)
#2 D:\xampp\htdocs\magacin\vendor\php-di\slim-bridge\src\ControllerInvoker.php(45): Invoker\Invoker->call(Array, Array)
#3 D:\xampp\htdocs\magacin\vendor\slim\slim\Slim\Routing\Route.php(363): DI\Bridge\Slim\ControllerInvoker->__invoke(Array, Object(Slim\Psr7\Request), Object(Slim\Psr7\Response), Array)
#4 D:\xampp\htdocs\magacin\vendor\slim\slim\Slim\MiddlewareDispatcher.php(73): Slim\Routing\Route->handle(Object(Slim\Psr7\Request))
#5 D:\xampp\htdocs\magacin\app\Middlewares\AuthMiddleware.php(16): Slim\MiddlewareDispatcher->handle(Object(Slim\Psr7\Request))
#6 D:\xampp\htdocs\magacin\vendor\slim\slim\Slim\MiddlewareDispatcher.php(280): App\Middlewares\AuthMiddleware->__invoke(Object(Slim\Psr7\Request), Object(Slim\MiddlewareDispatcher))
#7 D:\xampp\htdocs\magacin\vendor\slim\slim\Slim\MiddlewareDispatcher.php(73): Psr\Http\Server\RequestHandlerInterface@anonymous->handle(Object(Slim\Psr7\Request))
#8 D:\xampp\htdocs\magacin\vendor\slim\slim\Slim\Routing\Route.php(321): Slim\MiddlewareDispatcher->handle(Object(Slim\Psr7\Request))
#9 D:\xampp\htdocs\magacin\vendor\slim\slim\Slim\Routing\RouteRunner.php(74): Slim\Routing\Route->run(Object(Slim\Psr7\Request))
#10 D:\xampp\htdocs\magacin\app\Middlewares\UserMiddleware.php(29): Slim\Routing\RouteRunner->handle(Object(Slim\Psr7\Request))
#11 D:\xampp\htdocs\magacin\vendor\slim\slim\Slim\MiddlewareDispatcher.php(280): App\Middlewares\UserMiddleware->__invoke(Object(Slim\Psr7\Request), Object(Slim\Routing\RouteRunner))
#12 D:\xampp\htdocs\magacin\app\Middlewares\CsrfMiddleware.php(30): Psr\Http\Server\RequestHandlerInterface@anonymous->handle(Object(Slim\Psr7\Request))
#13 D:\xampp\htdocs\magacin\vendor\slim\slim\Slim\MiddlewareDispatcher.php(280): App\Middlewares\CsrfMiddleware->__invoke(Object(Slim\Psr7\Request), Object(Psr\Http\Server\RequestHandlerInterface@anonymous))
#14 D:\xampp\htdocs\magacin\app\Middlewares\OldMiddleware.php(21): Psr\Http\Server\RequestHandlerInterface@anonymous->handle(Object(Slim\Psr7\Request))
#15 D:\xampp\htdocs\magacin\vendor\slim\slim\Slim\MiddlewareDispatcher.php(280): App\Middlewares\OldMiddleware->__invoke(Object(Slim\Psr7\Request), Object(Psr\Http\Server\RequestHandlerInterface@anonymous))
#16 D:\xampp\htdocs\magacin\vendor\slim\twig-view\src\TwigMiddleware.php(117): Psr\Http\Server\RequestHandlerInterface@anonymous->handle(Object(Slim\Psr7\Request))
#17 D:\xampp\htdocs\magacin\vendor\slim\slim\Slim\MiddlewareDispatcher.php(129): Slim\Views\TwigMiddleware->process(Object(Slim\Psr7\Request), Object(Psr\Http\Server\RequestHandlerInterface@anonymous))
#18 D:\xampp\htdocs\magacin\app\Middlewares\ErrorsMiddleware.php(23): Psr\Http\Server\RequestHandlerInterface@anonymous->handle(Object(Slim\Psr7\Request))
#19 D:\xampp\htdocs\magacin\vendor\slim\slim\Slim\MiddlewareDispatcher.php(280): App\Middlewares\ErrorsMiddleware->__invoke(Object(Slim\Psr7\Request), Object(Psr\Http\Server\RequestHandlerInterface@anonymous))
#20 D:\xampp\htdocs\magacin\vendor\slim\csrf\src\Guard.php(482): Psr\Http\Server\RequestHandlerInterface@anonymous->handle(Object(Slim\Psr7\Request))
#21 D:\xampp\htdocs\magacin\vendor\slim\slim\Slim\MiddlewareDispatcher.php(177): Slim\Csrf\Guard->process(Object(Slim\Psr7\Request), Object(Psr\Http\Server\RequestHandlerInterface@anonymous))
#22 D:\xampp\htdocs\magacin\vendor\slim\slim\Slim\Middleware\RoutingMiddleware.php(45): Psr\Http\Server\RequestHandlerInterface@anonymous->handle(Object(Slim\Psr7\Request))
#23 D:\xampp\htdocs\magacin\vendor\slim\slim\Slim\MiddlewareDispatcher.php(129): Slim\Middleware\RoutingMiddleware->process(Object(Slim\Psr7\Request), Object(Psr\Http\Server\RequestHandlerInterface@anonymous))
#24 D:\xampp\htdocs\magacin\vendor\slim\slim\Slim\Middleware\ErrorMiddleware.php(77): Psr\Http\Server\RequestHandlerInterface@anonymous->handle(Object(Slim\Psr7\Request))
#25 D:\xampp\htdocs\magacin\vendor\slim\slim\Slim\MiddlewareDispatcher.php(129): Slim\Middleware\ErrorMiddleware->process(Object(Slim\Psr7\Request), Object(Psr\Http\Server\RequestHandlerInterface@anonymous))
#26 D:\xampp\htdocs\magacin\vendor\slim\slim\Slim\MiddlewareDispatcher.php(73): Psr\Http\Server\RequestHandlerInterface@anonymous->handle(Object(Slim\Psr7\Request))
#27 D:\xampp\htdocs\magacin\vendor\slim\slim\Slim\App.php(209): Slim\MiddlewareDispatcher->handle(Object(Slim\Psr7\Request))
#28 D:\xampp\htdocs\magacin\vendor\slim\slim\Slim\App.php(193): Slim\App->handle(Object(Slim\Psr7\Request))
#29 D:\xampp\htdocs\magacin\pub\index.php(5): Slim\App->run()
#30 {main}
[26-Mar-2025 14:06:31 Europe/Belgrade] 404 Not Found
Type: Slim\Exception\HttpNotFoundException
Code: 404
Message: Not found.
File: D:\xampp\htdocs\magacin\vendor\slim\slim\Slim\Middleware\RoutingMiddleware.php
Line: 76
Trace: #0 D:\xampp\htdocs\magacin\vendor\slim\slim\Slim\Middleware\RoutingMiddleware.php(44): Slim\Middleware\RoutingMiddleware->performRouting(Object(Slim\Psr7\Request))
#1 D:\xampp\htdocs\magacin\vendor\slim\slim\Slim\MiddlewareDispatcher.php(129): Slim\Middleware\RoutingMiddleware->process(Object(Slim\Psr7\Request), Object(Psr\Http\Server\RequestHandlerInterface@anonymous))
#2 D:\xampp\htdocs\magacin\vendor\slim\slim\Slim\Middleware\ErrorMiddleware.php(77): Psr\Http\Server\RequestHandlerInterface@anonymous->handle(Object(Slim\Psr7\Request))
#3 D:\xampp\htdocs\magacin\vendor\slim\slim\Slim\MiddlewareDispatcher.php(129): Slim\Middleware\ErrorMiddleware->process(Object(Slim\Psr7\Request), Object(Psr\Http\Server\RequestHandlerInterface@anonymous))
#4 D:\xampp\htdocs\magacin\vendor\slim\slim\Slim\MiddlewareDispatcher.php(73): Psr\Http\Server\RequestHandlerInterface@anonymous->handle(Object(Slim\Psr7\Request))
#5 D:\xampp\htdocs\magacin\vendor\slim\slim\Slim\App.php(209): Slim\MiddlewareDispatcher->handle(Object(Slim\Psr7\Request))
#6 D:\xampp\htdocs\magacin\vendor\slim\slim\Slim\App.php(193): Slim\App->handle(Object(Slim\Psr7\Request))
#7 D:\xampp\htdocs\magacin\pub\index.php(5): Slim\App->run()
#8 {main}
[26-Mar-2025 14:06:31 Europe/Belgrade] 404 Not Found
Type: Slim\Exception\HttpNotFoundException
Code: 404
Message: Not found.
File: D:\xampp\htdocs\magacin\vendor\slim\slim\Slim\Middleware\RoutingMiddleware.php
Line: 76
Trace: #0 D:\xampp\htdocs\magacin\vendor\slim\slim\Slim\Middleware\RoutingMiddleware.php(44): Slim\Middleware\RoutingMiddleware->performRouting(Object(Slim\Psr7\Request))
#1 D:\xampp\htdocs\magacin\vendor\slim\slim\Slim\MiddlewareDispatcher.php(129): Slim\Middleware\RoutingMiddleware->process(Object(Slim\Psr7\Request), Object(Psr\Http\Server\RequestHandlerInterface@anonymous))
#2 D:\xampp\htdocs\magacin\vendor\slim\slim\Slim\Middleware\ErrorMiddleware.php(77): Psr\Http\Server\RequestHandlerInterface@anonymous->handle(Object(Slim\Psr7\Request))
#3 D:\xampp\htdocs\magacin\vendor\slim\slim\Slim\MiddlewareDispatcher.php(129): Slim\Middleware\ErrorMiddleware->process(Object(Slim\Psr7\Request), Object(Psr\Http\Server\RequestHandlerInterface@anonymous))
#4 D:\xampp\htdocs\magacin\vendor\slim\slim\Slim\MiddlewareDispatcher.php(73): Psr\Http\Server\RequestHandlerInterface@anonymous->handle(Object(Slim\Psr7\Request))
#5 D:\xampp\htdocs\magacin\vendor\slim\slim\Slim\App.php(209): Slim\MiddlewareDispatcher->handle(Object(Slim\Psr7\Request))
#6 D:\xampp\htdocs\magacin\vendor\slim\slim\Slim\App.php(193): Slim\App->handle(Object(Slim\Psr7\Request))
#7 D:\xampp\htdocs\magacin\pub\index.php(5): Slim\App->run()
#8 {main}
[26-Mar-2025 14:06:51 Europe/Belgrade] 404 Not Found
Type: Slim\Exception\HttpNotFoundException
Code: 404
Message: Not found.
File: D:\xampp\htdocs\magacin\vendor\slim\slim\Slim\Middleware\RoutingMiddleware.php
Line: 76
Trace: #0 D:\xampp\htdocs\magacin\vendor\slim\slim\Slim\Middleware\RoutingMiddleware.php(44): Slim\Middleware\RoutingMiddleware->performRouting(Object(Slim\Psr7\Request))
#1 D:\xampp\htdocs\magacin\vendor\slim\slim\Slim\MiddlewareDispatcher.php(129): Slim\Middleware\RoutingMiddleware->process(Object(Slim\Psr7\Request), Object(Psr\Http\Server\RequestHandlerInterface@anonymous))
#2 D:\xampp\htdocs\magacin\vendor\slim\slim\Slim\Middleware\ErrorMiddleware.php(77): Psr\Http\Server\RequestHandlerInterface@anonymous->handle(Object(Slim\Psr7\Request))
#3 D:\xampp\htdocs\magacin\vendor\slim\slim\Slim\MiddlewareDispatcher.php(129): Slim\Middleware\ErrorMiddleware->process(Object(Slim\Psr7\Request), Object(Psr\Http\Server\RequestHandlerInterface@anonymous))
#4 D:\xampp\htdocs\magacin\vendor\slim\slim\Slim\MiddlewareDispatcher.php(73): Psr\Http\Server\RequestHandlerInterface@anonymous->handle(Object(Slim\Psr7\Request))
#5 D:\xampp\htdocs\magacin\vendor\slim\slim\Slim\App.php(209): Slim\MiddlewareDispatcher->handle(Object(Slim\Psr7\Request))
#6 D:\xampp\htdocs\magacin\vendor\slim\slim\Slim\App.php(193): Slim\App->handle(Object(Slim\Psr7\Request))
#7 D:\xampp\htdocs\magacin\pub\index.php(5): Slim\App->run()
#8 {main}
[26-Mar-2025 14:06:51 Europe/Belgrade] 404 Not Found
Type: Slim\Exception\HttpNotFoundException
Code: 404
Message: Not found.
File: D:\xampp\htdocs\magacin\vendor\slim\slim\Slim\Middleware\RoutingMiddleware.php
Line: 76
Trace: #0 D:\xampp\htdocs\magacin\vendor\slim\slim\Slim\Middleware\RoutingMiddleware.php(44): Slim\Middleware\RoutingMiddleware->performRouting(Object(Slim\Psr7\Request))
#1 D:\xampp\htdocs\magacin\vendor\slim\slim\Slim\MiddlewareDispatcher.php(129): Slim\Middleware\RoutingMiddleware->process(Object(Slim\Psr7\Request), Object(Psr\Http\Server\RequestHandlerInterface@anonymous))
#2 D:\xampp\htdocs\magacin\vendor\slim\slim\Slim\Middleware\ErrorMiddleware.php(77): Psr\Http\Server\RequestHandlerInterface@anonymous->handle(Object(Slim\Psr7\Request))
#3 D:\xampp\htdocs\magacin\vendor\slim\slim\Slim\MiddlewareDispatcher.php(129): Slim\Middleware\ErrorMiddleware->process(Object(Slim\Psr7\Request), Object(Psr\Http\Server\RequestHandlerInterface@anonymous))
#4 D:\xampp\htdocs\magacin\vendor\slim\slim\Slim\MiddlewareDispatcher.php(73): Psr\Http\Server\RequestHandlerInterface@anonymous->handle(Object(Slim\Psr7\Request))
#5 D:\xampp\htdocs\magacin\vendor\slim\slim\Slim\App.php(209): Slim\MiddlewareDispatcher->handle(Object(Slim\Psr7\Request))
#6 D:\xampp\htdocs\magacin\vendor\slim\slim\Slim\App.php(193): Slim\App->handle(Object(Slim\Psr7\Request))
#7 D:\xampp\htdocs\magacin\pub\index.php(5): Slim\App->run()
#8 {main}
[26-Mar-2025 14:09:14 Europe/Belgrade] 404 Not Found
Type: Slim\Exception\HttpNotFoundException
Code: 404
Message: Not found.
File: D:\xampp\htdocs\magacin\vendor\slim\slim\Slim\Middleware\RoutingMiddleware.php
Line: 76
Trace: #0 D:\xampp\htdocs\magacin\vendor\slim\slim\Slim\Middleware\RoutingMiddleware.php(44): Slim\Middleware\RoutingMiddleware->performRouting(Object(Slim\Psr7\Request))
#1 D:\xampp\htdocs\magacin\vendor\slim\slim\Slim\MiddlewareDispatcher.php(129): Slim\Middleware\RoutingMiddleware->process(Object(Slim\Psr7\Request), Object(Psr\Http\Server\RequestHandlerInterface@anonymous))
#2 D:\xampp\htdocs\magacin\vendor\slim\slim\Slim\Middleware\ErrorMiddleware.php(77): Psr\Http\Server\RequestHandlerInterface@anonymous->handle(Object(Slim\Psr7\Request))
#3 D:\xampp\htdocs\magacin\vendor\slim\slim\Slim\MiddlewareDispatcher.php(129): Slim\Middleware\ErrorMiddleware->process(Object(Slim\Psr7\Request), Object(Psr\Http\Server\RequestHandlerInterface@anonymous))
#4 D:\xampp\htdocs\magacin\vendor\slim\slim\Slim\MiddlewareDispatcher.php(73): Psr\Http\Server\RequestHandlerInterface@anonymous->handle(Object(Slim\Psr7\Request))
#5 D:\xampp\htdocs\magacin\vendor\slim\slim\Slim\App.php(209): Slim\MiddlewareDispatcher->handle(Object(Slim\Psr7\Request))
#6 D:\xampp\htdocs\magacin\vendor\slim\slim\Slim\App.php(193): Slim\App->handle(Object(Slim\Psr7\Request))
#7 D:\xampp\htdocs\magacin\pub\index.php(5): Slim\App->run()
#8 {main}
[26-Mar-2025 14:09:14 Europe/Belgrade] 404 Not Found
Type: Slim\Exception\HttpNotFoundException
Code: 404
Message: Not found.
File: D:\xampp\htdocs\magacin\vendor\slim\slim\Slim\Middleware\RoutingMiddleware.php
Line: 76
Trace: #0 D:\xampp\htdocs\magacin\vendor\slim\slim\Slim\Middleware\RoutingMiddleware.php(44): Slim\Middleware\RoutingMiddleware->performRouting(Object(Slim\Psr7\Request))
#1 D:\xampp\htdocs\magacin\vendor\slim\slim\Slim\MiddlewareDispatcher.php(129): Slim\Middleware\RoutingMiddleware->process(Object(Slim\Psr7\Request), Object(Psr\Http\Server\RequestHandlerInterface@anonymous))
#2 D:\xampp\htdocs\magacin\vendor\slim\slim\Slim\Middleware\ErrorMiddleware.php(77): Psr\Http\Server\RequestHandlerInterface@anonymous->handle(Object(Slim\Psr7\Request))
#3 D:\xampp\htdocs\magacin\vendor\slim\slim\Slim\MiddlewareDispatcher.php(129): Slim\Middleware\ErrorMiddleware->process(Object(Slim\Psr7\Request), Object(Psr\Http\Server\RequestHandlerInterface@anonymous))
#4 D:\xampp\htdocs\magacin\vendor\slim\slim\Slim\MiddlewareDispatcher.php(73): Psr\Http\Server\RequestHandlerInterface@anonymous->handle(Object(Slim\Psr7\Request))
#5 D:\xampp\htdocs\magacin\vendor\slim\slim\Slim\App.php(209): Slim\MiddlewareDispatcher->handle(Object(Slim\Psr7\Request))
#6 D:\xampp\htdocs\magacin\vendor\slim\slim\Slim\App.php(193): Slim\App->handle(Object(Slim\Psr7\Request))
#7 D:\xampp\htdocs\magacin\pub\index.php(5): Slim\App->run()
#8 {main}
[26-Mar-2025 14:11:15 Europe/Belgrade] 404 Not Found
Type: Slim\Exception\HttpNotFoundException
Code: 404
Message: Not found.
File: D:\xampp\htdocs\magacin\vendor\slim\slim\Slim\Middleware\RoutingMiddleware.php
Line: 76
Trace: #0 D:\xampp\htdocs\magacin\vendor\slim\slim\Slim\Middleware\RoutingMiddleware.php(44): Slim\Middleware\RoutingMiddleware->performRouting(Object(Slim\Psr7\Request))
#1 D:\xampp\htdocs\magacin\vendor\slim\slim\Slim\MiddlewareDispatcher.php(129): Slim\Middleware\RoutingMiddleware->process(Object(Slim\Psr7\Request), Object(Psr\Http\Server\RequestHandlerInterface@anonymous))
#2 D:\xampp\htdocs\magacin\vendor\slim\slim\Slim\Middleware\ErrorMiddleware.php(77): Psr\Http\Server\RequestHandlerInterface@anonymous->handle(Object(Slim\Psr7\Request))
#3 D:\xampp\htdocs\magacin\vendor\slim\slim\Slim\MiddlewareDispatcher.php(129): Slim\Middleware\ErrorMiddleware->process(Object(Slim\Psr7\Request), Object(Psr\Http\Server\RequestHandlerInterface@anonymous))
#4 D:\xampp\htdocs\magacin\vendor\slim\slim\Slim\MiddlewareDispatcher.php(73): Psr\Http\Server\RequestHandlerInterface@anonymous->handle(Object(Slim\Psr7\Request))
#5 D:\xampp\htdocs\magacin\vendor\slim\slim\Slim\App.php(209): Slim\MiddlewareDispatcher->handle(Object(Slim\Psr7\Request))
#6 D:\xampp\htdocs\magacin\vendor\slim\slim\Slim\App.php(193): Slim\App->handle(Object(Slim\Psr7\Request))
#7 D:\xampp\htdocs\magacin\pub\index.php(5): Slim\App->run()
#8 {main}
[26-Mar-2025 14:11:15 Europe/Belgrade] 404 Not Found
Type: Slim\Exception\HttpNotFoundException
Code: 404
Message: Not found.
File: D:\xampp\htdocs\magacin\vendor\slim\slim\Slim\Middleware\RoutingMiddleware.php
Line: 76
Trace: #0 D:\xampp\htdocs\magacin\vendor\slim\slim\Slim\Middleware\RoutingMiddleware.php(44): Slim\Middleware\RoutingMiddleware->performRouting(Object(Slim\Psr7\Request))
#1 D:\xampp\htdocs\magacin\vendor\slim\slim\Slim\MiddlewareDispatcher.php(129): Slim\Middleware\RoutingMiddleware->process(Object(Slim\Psr7\Request), Object(Psr\Http\Server\RequestHandlerInterface@anonymous))
#2 D:\xampp\htdocs\magacin\vendor\slim\slim\Slim\Middleware\ErrorMiddleware.php(77): Psr\Http\Server\RequestHandlerInterface@anonymous->handle(Object(Slim\Psr7\Request))
#3 D:\xampp\htdocs\magacin\vendor\slim\slim\Slim\MiddlewareDispatcher.php(129): Slim\Middleware\ErrorMiddleware->process(Object(Slim\Psr7\Request), Object(Psr\Http\Server\RequestHandlerInterface@anonymous))
#4 D:\xampp\htdocs\magacin\vendor\slim\slim\Slim\MiddlewareDispatcher.php(73): Psr\Http\Server\RequestHandlerInterface@anonymous->handle(Object(Slim\Psr7\Request))
#5 D:\xampp\htdocs\magacin\vendor\slim\slim\Slim\App.php(209): Slim\MiddlewareDispatcher->handle(Object(Slim\Psr7\Request))
#6 D:\xampp\htdocs\magacin\vendor\slim\slim\Slim\App.php(193): Slim\App->handle(Object(Slim\Psr7\Request))
#7 D:\xampp\htdocs\magacin\pub\index.php(5): Slim\App->run()
#8 {main}
[26-Mar-2025 14:19:44 Europe/Belgrade] 404 Not Found
Type: Slim\Exception\HttpNotFoundException
Code: 404
Message: Not found.
File: D:\xampp\htdocs\magacin\vendor\slim\slim\Slim\Middleware\RoutingMiddleware.php
Line: 76
Trace: #0 D:\xampp\htdocs\magacin\vendor\slim\slim\Slim\Middleware\RoutingMiddleware.php(44): Slim\Middleware\RoutingMiddleware->performRouting(Object(Slim\Psr7\Request))
#1 D:\xampp\htdocs\magacin\vendor\slim\slim\Slim\MiddlewareDispatcher.php(129): Slim\Middleware\RoutingMiddleware->process(Object(Slim\Psr7\Request), Object(Psr\Http\Server\RequestHandlerInterface@anonymous))
#2 D:\xampp\htdocs\magacin\vendor\slim\slim\Slim\Middleware\ErrorMiddleware.php(77): Psr\Http\Server\RequestHandlerInterface@anonymous->handle(Object(Slim\Psr7\Request))
#3 D:\xampp\htdocs\magacin\vendor\slim\slim\Slim\MiddlewareDispatcher.php(129): Slim\Middleware\ErrorMiddleware->process(Object(Slim\Psr7\Request), Object(Psr\Http\Server\RequestHandlerInterface@anonymous))
#4 D:\xampp\htdocs\magacin\vendor\slim\slim\Slim\MiddlewareDispatcher.php(73): Psr\Http\Server\RequestHandlerInterface@anonymous->handle(Object(Slim\Psr7\Request))
#5 D:\xampp\htdocs\magacin\vendor\slim\slim\Slim\App.php(209): Slim\MiddlewareDispatcher->handle(Object(Slim\Psr7\Request))
#6 D:\xampp\htdocs\magacin\vendor\slim\slim\Slim\App.php(193): Slim\App->handle(Object(Slim\Psr7\Request))
#7 D:\xampp\htdocs\magacin\pub\index.php(5): Slim\App->run()
#8 {main}
[26-Mar-2025 14:19:44 Europe/Belgrade] 404 Not Found
Type: Slim\Exception\HttpNotFoundException
Code: 404
Message: Not found.
File: D:\xampp\htdocs\magacin\vendor\slim\slim\Slim\Middleware\RoutingMiddleware.php
Line: 76
Trace: #0 D:\xampp\htdocs\magacin\vendor\slim\slim\Slim\Middleware\RoutingMiddleware.php(44): Slim\Middleware\RoutingMiddleware->performRouting(Object(Slim\Psr7\Request))
#1 D:\xampp\htdocs\magacin\vendor\slim\slim\Slim\MiddlewareDispatcher.php(129): Slim\Middleware\RoutingMiddleware->process(Object(Slim\Psr7\Request), Object(Psr\Http\Server\RequestHandlerInterface@anonymous))
#2 D:\xampp\htdocs\magacin\vendor\slim\slim\Slim\Middleware\ErrorMiddleware.php(77): Psr\Http\Server\RequestHandlerInterface@anonymous->handle(Object(Slim\Psr7\Request))
#3 D:\xampp\htdocs\magacin\vendor\slim\slim\Slim\MiddlewareDispatcher.php(129): Slim\Middleware\ErrorMiddleware->process(Object(Slim\Psr7\Request), Object(Psr\Http\Server\RequestHandlerInterface@anonymous))
#4 D:\xampp\htdocs\magacin\vendor\slim\slim\Slim\MiddlewareDispatcher.php(73): Psr\Http\Server\RequestHandlerInterface@anonymous->handle(Object(Slim\Psr7\Request))
#5 D:\xampp\htdocs\magacin\vendor\slim\slim\Slim\App.php(209): Slim\MiddlewareDispatcher->handle(Object(Slim\Psr7\Request))
#6 D:\xampp\htdocs\magacin\vendor\slim\slim\Slim\App.php(193): Slim\App->handle(Object(Slim\Psr7\Request))
#7 D:\xampp\htdocs\magacin\pub\index.php(5): Slim\App->run()
#8 {main}
[26-Mar-2025 14:19:53 Europe/Belgrade] 404 Not Found
Type: Slim\Exception\HttpNotFoundException
Code: 404
Message: Not found.
File: D:\xampp\htdocs\magacin\vendor\slim\slim\Slim\Middleware\RoutingMiddleware.php
Line: 76
Trace: #0 D:\xampp\htdocs\magacin\vendor\slim\slim\Slim\Middleware\RoutingMiddleware.php(44): Slim\Middleware\RoutingMiddleware->performRouting(Object(Slim\Psr7\Request))
#1 D:\xampp\htdocs\magacin\vendor\slim\slim\Slim\MiddlewareDispatcher.php(129): Slim\Middleware\RoutingMiddleware->process(Object(Slim\Psr7\Request), Object(Psr\Http\Server\RequestHandlerInterface@anonymous))
#2 D:\xampp\htdocs\magacin\vendor\slim\slim\Slim\Middleware\ErrorMiddleware.php(77): Psr\Http\Server\RequestHandlerInterface@anonymous->handle(Object(Slim\Psr7\Request))
#3 D:\xampp\htdocs\magacin\vendor\slim\slim\Slim\MiddlewareDispatcher.php(129): Slim\Middleware\ErrorMiddleware->process(Object(Slim\Psr7\Request), Object(Psr\Http\Server\RequestHandlerInterface@anonymous))
#4 D:\xampp\htdocs\magacin\vendor\slim\slim\Slim\MiddlewareDispatcher.php(73): Psr\Http\Server\RequestHandlerInterface@anonymous->handle(Object(Slim\Psr7\Request))
#5 D:\xampp\htdocs\magacin\vendor\slim\slim\Slim\App.php(209): Slim\MiddlewareDispatcher->handle(Object(Slim\Psr7\Request))
#6 D:\xampp\htdocs\magacin\vendor\slim\slim\Slim\App.php(193): Slim\App->handle(Object(Slim\Psr7\Request))
#7 D:\xampp\htdocs\magacin\pub\index.php(5): Slim\App->run()
#8 {main}
[26-Mar-2025 14:19:53 Europe/Belgrade] 404 Not Found
Type: Slim\Exception\HttpNotFoundException
Code: 404
Message: Not found.
File: D:\xampp\htdocs\magacin\vendor\slim\slim\Slim\Middleware\RoutingMiddleware.php
Line: 76
Trace: #0 D:\xampp\htdocs\magacin\vendor\slim\slim\Slim\Middleware\RoutingMiddleware.php(44): Slim\Middleware\RoutingMiddleware->performRouting(Object(Slim\Psr7\Request))
#1 D:\xampp\htdocs\magacin\vendor\slim\slim\Slim\MiddlewareDispatcher.php(129): Slim\Middleware\RoutingMiddleware->process(Object(Slim\Psr7\Request), Object(Psr\Http\Server\RequestHandlerInterface@anonymous))
#2 D:\xampp\htdocs\magacin\vendor\slim\slim\Slim\Middleware\ErrorMiddleware.php(77): Psr\Http\Server\RequestHandlerInterface@anonymous->handle(Object(Slim\Psr7\Request))
#3 D:\xampp\htdocs\magacin\vendor\slim\slim\Slim\MiddlewareDispatcher.php(129): Slim\Middleware\ErrorMiddleware->process(Object(Slim\Psr7\Request), Object(Psr\Http\Server\RequestHandlerInterface@anonymous))
#4 D:\xampp\htdocs\magacin\vendor\slim\slim\Slim\MiddlewareDispatcher.php(73): Psr\Http\Server\RequestHandlerInterface@anonymous->handle(Object(Slim\Psr7\Request))
#5 D:\xampp\htdocs\magacin\vendor\slim\slim\Slim\App.php(209): Slim\MiddlewareDispatcher->handle(Object(Slim\Psr7\Request))
#6 D:\xampp\htdocs\magacin\vendor\slim\slim\Slim\App.php(193): Slim\App->handle(Object(Slim\Psr7\Request))
#7 D:\xampp\htdocs\magacin\pub\index.php(5): Slim\App->run()
#8 {main}
[26-Mar-2025 14:20:04 Europe/Belgrade] 404 Not Found
Type: Slim\Exception\HttpNotFoundException
Code: 404
Message: Not found.
File: D:\xampp\htdocs\magacin\vendor\slim\slim\Slim\Middleware\RoutingMiddleware.php
Line: 76
Trace: #0 D:\xampp\htdocs\magacin\vendor\slim\slim\Slim\Middleware\RoutingMiddleware.php(44): Slim\Middleware\RoutingMiddleware->performRouting(Object(Slim\Psr7\Request))
#1 D:\xampp\htdocs\magacin\vendor\slim\slim\Slim\MiddlewareDispatcher.php(129): Slim\Middleware\RoutingMiddleware->process(Object(Slim\Psr7\Request), Object(Psr\Http\Server\RequestHandlerInterface@anonymous))
#2 D:\xampp\htdocs\magacin\vendor\slim\slim\Slim\Middleware\ErrorMiddleware.php(77): Psr\Http\Server\RequestHandlerInterface@anonymous->handle(Object(Slim\Psr7\Request))
#3 D:\xampp\htdocs\magacin\vendor\slim\slim\Slim\MiddlewareDispatcher.php(129): Slim\Middleware\ErrorMiddleware->process(Object(Slim\Psr7\Request), Object(Psr\Http\Server\RequestHandlerInterface@anonymous))
#4 D:\xampp\htdocs\magacin\vendor\slim\slim\Slim\MiddlewareDispatcher.php(73): Psr\Http\Server\RequestHandlerInterface@anonymous->handle(Object(Slim\Psr7\Request))
#5 D:\xampp\htdocs\magacin\vendor\slim\slim\Slim\App.php(209): Slim\MiddlewareDispatcher->handle(Object(Slim\Psr7\Request))
#6 D:\xampp\htdocs\magacin\vendor\slim\slim\Slim\App.php(193): Slim\App->handle(Object(Slim\Psr7\Request))
#7 D:\xampp\htdocs\magacin\pub\index.php(5): Slim\App->run()
#8 {main}
[26-Mar-2025 14:20:04 Europe/Belgrade] 404 Not Found
Type: Slim\Exception\HttpNotFoundException
Code: 404
Message: Not found.
File: D:\xampp\htdocs\magacin\vendor\slim\slim\Slim\Middleware\RoutingMiddleware.php
Line: 76
Trace: #0 D:\xampp\htdocs\magacin\vendor\slim\slim\Slim\Middleware\RoutingMiddleware.php(44): Slim\Middleware\RoutingMiddleware->performRouting(Object(Slim\Psr7\Request))
#1 D:\xampp\htdocs\magacin\vendor\slim\slim\Slim\MiddlewareDispatcher.php(129): Slim\Middleware\RoutingMiddleware->process(Object(Slim\Psr7\Request), Object(Psr\Http\Server\RequestHandlerInterface@anonymous))
#2 D:\xampp\htdocs\magacin\vendor\slim\slim\Slim\Middleware\ErrorMiddleware.php(77): Psr\Http\Server\RequestHandlerInterface@anonymous->handle(Object(Slim\Psr7\Request))
#3 D:\xampp\htdocs\magacin\vendor\slim\slim\Slim\MiddlewareDispatcher.php(129): Slim\Middleware\ErrorMiddleware->process(Object(Slim\Psr7\Request), Object(Psr\Http\Server\RequestHandlerInterface@anonymous))
#4 D:\xampp\htdocs\magacin\vendor\slim\slim\Slim\MiddlewareDispatcher.php(73): Psr\Http\Server\RequestHandlerInterface@anonymous->handle(Object(Slim\Psr7\Request))
#5 D:\xampp\htdocs\magacin\vendor\slim\slim\Slim\App.php(209): Slim\MiddlewareDispatcher->handle(Object(Slim\Psr7\Request))
#6 D:\xampp\htdocs\magacin\vendor\slim\slim\Slim\App.php(193): Slim\App->handle(Object(Slim\Psr7\Request))
#7 D:\xampp\htdocs\magacin\pub\index.php(5): Slim\App->run()
#8 {main}
[26-Mar-2025 14:21:14 Europe/Belgrade] 404 Not Found
Type: Slim\Exception\HttpNotFoundException
Code: 404
Message: Not found.
File: D:\xampp\htdocs\magacin\vendor\slim\slim\Slim\Middleware\RoutingMiddleware.php
Line: 76
Trace: #0 D:\xampp\htdocs\magacin\vendor\slim\slim\Slim\Middleware\RoutingMiddleware.php(44): Slim\Middleware\RoutingMiddleware->performRouting(Object(Slim\Psr7\Request))
#1 D:\xampp\htdocs\magacin\vendor\slim\slim\Slim\MiddlewareDispatcher.php(129): Slim\Middleware\RoutingMiddleware->process(Object(Slim\Psr7\Request), Object(Psr\Http\Server\RequestHandlerInterface@anonymous))
#2 D:\xampp\htdocs\magacin\vendor\slim\slim\Slim\Middleware\ErrorMiddleware.php(77): Psr\Http\Server\RequestHandlerInterface@anonymous->handle(Object(Slim\Psr7\Request))
#3 D:\xampp\htdocs\magacin\vendor\slim\slim\Slim\MiddlewareDispatcher.php(129): Slim\Middleware\ErrorMiddleware->process(Object(Slim\Psr7\Request), Object(Psr\Http\Server\RequestHandlerInterface@anonymous))
#4 D:\xampp\htdocs\magacin\vendor\slim\slim\Slim\MiddlewareDispatcher.php(73): Psr\Http\Server\RequestHandlerInterface@anonymous->handle(Object(Slim\Psr7\Request))
#5 D:\xampp\htdocs\magacin\vendor\slim\slim\Slim\App.php(209): Slim\MiddlewareDispatcher->handle(Object(Slim\Psr7\Request))
#6 D:\xampp\htdocs\magacin\vendor\slim\slim\Slim\App.php(193): Slim\App->handle(Object(Slim\Psr7\Request))
#7 D:\xampp\htdocs\magacin\pub\index.php(5): Slim\App->run()
#8 {main}
[26-Mar-2025 14:21:14 Europe/Belgrade] 404 Not Found
Type: Slim\Exception\HttpNotFoundException
Code: 404
Message: Not found.
File: D:\xampp\htdocs\magacin\vendor\slim\slim\Slim\Middleware\RoutingMiddleware.php
Line: 76
Trace: #0 D:\xampp\htdocs\magacin\vendor\slim\slim\Slim\Middleware\RoutingMiddleware.php(44): Slim\Middleware\RoutingMiddleware->performRouting(Object(Slim\Psr7\Request))
#1 D:\xampp\htdocs\magacin\vendor\slim\slim\Slim\MiddlewareDispatcher.php(129): Slim\Middleware\RoutingMiddleware->process(Object(Slim\Psr7\Request), Object(Psr\Http\Server\RequestHandlerInterface@anonymous))
#2 D:\xampp\htdocs\magacin\vendor\slim\slim\Slim\Middleware\ErrorMiddleware.php(77): Psr\Http\Server\RequestHandlerInterface@anonymous->handle(Object(Slim\Psr7\Request))
#3 D:\xampp\htdocs\magacin\vendor\slim\slim\Slim\MiddlewareDispatcher.php(129): Slim\Middleware\ErrorMiddleware->process(Object(Slim\Psr7\Request), Object(Psr\Http\Server\RequestHandlerInterface@anonymous))
#4 D:\xampp\htdocs\magacin\vendor\slim\slim\Slim\MiddlewareDispatcher.php(73): Psr\Http\Server\RequestHandlerInterface@anonymous->handle(Object(Slim\Psr7\Request))
#5 D:\xampp\htdocs\magacin\vendor\slim\slim\Slim\App.php(209): Slim\MiddlewareDispatcher->handle(Object(Slim\Psr7\Request))
#6 D:\xampp\htdocs\magacin\vendor\slim\slim\Slim\App.php(193): Slim\App->handle(Object(Slim\Psr7\Request))
#7 D:\xampp\htdocs\magacin\pub\index.php(5): Slim\App->run()
#8 {main}
[26-Mar-2025 14:27:05 Europe/Belgrade] 404 Not Found
Type: Slim\Exception\HttpNotFoundException
Code: 404
Message: Not found.
File: D:\xampp\htdocs\magacin\vendor\slim\slim\Slim\Middleware\RoutingMiddleware.php
Line: 76
Trace: #0 D:\xampp\htdocs\magacin\vendor\slim\slim\Slim\Middleware\RoutingMiddleware.php(44): Slim\Middleware\RoutingMiddleware->performRouting(Object(Slim\Psr7\Request))
#1 D:\xampp\htdocs\magacin\vendor\slim\slim\Slim\MiddlewareDispatcher.php(129): Slim\Middleware\RoutingMiddleware->process(Object(Slim\Psr7\Request), Object(Psr\Http\Server\RequestHandlerInterface@anonymous))
#2 D:\xampp\htdocs\magacin\vendor\slim\slim\Slim\Middleware\ErrorMiddleware.php(77): Psr\Http\Server\RequestHandlerInterface@anonymous->handle(Object(Slim\Psr7\Request))
#3 D:\xampp\htdocs\magacin\vendor\slim\slim\Slim\MiddlewareDispatcher.php(129): Slim\Middleware\ErrorMiddleware->process(Object(Slim\Psr7\Request), Object(Psr\Http\Server\RequestHandlerInterface@anonymous))
#4 D:\xampp\htdocs\magacin\vendor\slim\slim\Slim\MiddlewareDispatcher.php(73): Psr\Http\Server\RequestHandlerInterface@anonymous->handle(Object(Slim\Psr7\Request))
#5 D:\xampp\htdocs\magacin\vendor\slim\slim\Slim\App.php(209): Slim\MiddlewareDispatcher->handle(Object(Slim\Psr7\Request))
#6 D:\xampp\htdocs\magacin\vendor\slim\slim\Slim\App.php(193): Slim\App->handle(Object(Slim\Psr7\Request))
#7 D:\xampp\htdocs\magacin\pub\index.php(5): Slim\App->run()
#8 {main}
[26-Mar-2025 14:27:05 Europe/Belgrade] 404 Not Found
Type: Slim\Exception\HttpNotFoundException
Code: 404
Message: Not found.
File: D:\xampp\htdocs\magacin\vendor\slim\slim\Slim\Middleware\RoutingMiddleware.php
Line: 76
Trace: #0 D:\xampp\htdocs\magacin\vendor\slim\slim\Slim\Middleware\RoutingMiddleware.php(44): Slim\Middleware\RoutingMiddleware->performRouting(Object(Slim\Psr7\Request))
#1 D:\xampp\htdocs\magacin\vendor\slim\slim\Slim\MiddlewareDispatcher.php(129): Slim\Middleware\RoutingMiddleware->process(Object(Slim\Psr7\Request), Object(Psr\Http\Server\RequestHandlerInterface@anonymous))
#2 D:\xampp\htdocs\magacin\vendor\slim\slim\Slim\Middleware\ErrorMiddleware.php(77): Psr\Http\Server\RequestHandlerInterface@anonymous->handle(Object(Slim\Psr7\Request))
#3 D:\xampp\htdocs\magacin\vendor\slim\slim\Slim\MiddlewareDispatcher.php(129): Slim\Middleware\ErrorMiddleware->process(Object(Slim\Psr7\Request), Object(Psr\Http\Server\RequestHandlerInterface@anonymous))
#4 D:\xampp\htdocs\magacin\vendor\slim\slim\Slim\MiddlewareDispatcher.php(73): Psr\Http\Server\RequestHandlerInterface@anonymous->handle(Object(Slim\Psr7\Request))
#5 D:\xampp\htdocs\magacin\vendor\slim\slim\Slim\App.php(209): Slim\MiddlewareDispatcher->handle(Object(Slim\Psr7\Request))
#6 D:\xampp\htdocs\magacin\vendor\slim\slim\Slim\App.php(193): Slim\App->handle(Object(Slim\Psr7\Request))
#7 D:\xampp\htdocs\magacin\pub\index.php(5): Slim\App->run()
#8 {main}
[26-Mar-2025 14:27:55 Europe/Belgrade] 404 Not Found
Type: Slim\Exception\HttpNotFoundException
Code: 404
Message: Not found.
File: D:\xampp\htdocs\magacin\vendor\slim\slim\Slim\Middleware\RoutingMiddleware.php
Line: 76
Trace: #0 D:\xampp\htdocs\magacin\vendor\slim\slim\Slim\Middleware\RoutingMiddleware.php(44): Slim\Middleware\RoutingMiddleware->performRouting(Object(Slim\Psr7\Request))
#1 D:\xampp\htdocs\magacin\vendor\slim\slim\Slim\MiddlewareDispatcher.php(129): Slim\Middleware\RoutingMiddleware->process(Object(Slim\Psr7\Request), Object(Psr\Http\Server\RequestHandlerInterface@anonymous))
#2 D:\xampp\htdocs\magacin\vendor\slim\slim\Slim\Middleware\ErrorMiddleware.php(77): Psr\Http\Server\RequestHandlerInterface@anonymous->handle(Object(Slim\Psr7\Request))
#3 D:\xampp\htdocs\magacin\vendor\slim\slim\Slim\MiddlewareDispatcher.php(129): Slim\Middleware\ErrorMiddleware->process(Object(Slim\Psr7\Request), Object(Psr\Http\Server\RequestHandlerInterface@anonymous))
#4 D:\xampp\htdocs\magacin\vendor\slim\slim\Slim\MiddlewareDispatcher.php(73): Psr\Http\Server\RequestHandlerInterface@anonymous->handle(Object(Slim\Psr7\Request))
#5 D:\xampp\htdocs\magacin\vendor\slim\slim\Slim\App.php(209): Slim\MiddlewareDispatcher->handle(Object(Slim\Psr7\Request))
#6 D:\xampp\htdocs\magacin\vendor\slim\slim\Slim\App.php(193): Slim\App->handle(Object(Slim\Psr7\Request))
#7 D:\xampp\htdocs\magacin\pub\index.php(5): Slim\App->run()
#8 {main}
[26-Mar-2025 14:27:55 Europe/Belgrade] 404 Not Found
Type: Slim\Exception\HttpNotFoundException
Code: 404
Message: Not found.
File: D:\xampp\htdocs\magacin\vendor\slim\slim\Slim\Middleware\RoutingMiddleware.php
Line: 76
Trace: #0 D:\xampp\htdocs\magacin\vendor\slim\slim\Slim\Middleware\RoutingMiddleware.php(44): Slim\Middleware\RoutingMiddleware->performRouting(Object(Slim\Psr7\Request))
#1 D:\xampp\htdocs\magacin\vendor\slim\slim\Slim\MiddlewareDispatcher.php(129): Slim\Middleware\RoutingMiddleware->process(Object(Slim\Psr7\Request), Object(Psr\Http\Server\RequestHandlerInterface@anonymous))
#2 D:\xampp\htdocs\magacin\vendor\slim\slim\Slim\Middleware\ErrorMiddleware.php(77): Psr\Http\Server\RequestHandlerInterface@anonymous->handle(Object(Slim\Psr7\Request))
#3 D:\xampp\htdocs\magacin\vendor\slim\slim\Slim\MiddlewareDispatcher.php(129): Slim\Middleware\ErrorMiddleware->process(Object(Slim\Psr7\Request), Object(Psr\Http\Server\RequestHandlerInterface@anonymous))
#4 D:\xampp\htdocs\magacin\vendor\slim\slim\Slim\MiddlewareDispatcher.php(73): Psr\Http\Server\RequestHandlerInterface@anonymous->handle(Object(Slim\Psr7\Request))
#5 D:\xampp\htdocs\magacin\vendor\slim\slim\Slim\App.php(209): Slim\MiddlewareDispatcher->handle(Object(Slim\Psr7\Request))
#6 D:\xampp\htdocs\magacin\vendor\slim\slim\Slim\App.php(193): Slim\App->handle(Object(Slim\Psr7\Request))
#7 D:\xampp\htdocs\magacin\pub\index.php(5): Slim\App->run()
#8 {main}
